Arguments: 
  /usr/local/bin/node /usr/local/Cellar/yarn/1.9.2/libexec/bin/yarn.js add eslist nodemon --dev

PATH: 
  /usr/local/bin:/usr/bin:/bin:/usr/sbin:/sbin:/usr/local/go/bin:/usr/local/share/dotnet:/Library/Frameworks/Mono.framework/Versions/Current/Commands:/Applications/Postgres.app/Contents/Versions/latest/bin:/Applications/Xamarin Workbooks.app/Contents/SharedSupport/path-bin

Yarn version: 
  1.9.2

Node version: 
  11.1.0

Platform: 
  darwin x64

Trace: 
  Error: https://registry.yarnpkg.com/eslist: Not found
      at Request.params.callback [as _callback] (/usr/local/Cellar/yarn/1.9.2/libexec/lib/cli.js:64150:18)
      at Request.self.callback (/usr/local/Cellar/yarn/1.9.2/libexec/lib/cli.js:137416:22)
      at Request.emit (events.js:182:13)
      at Request.<anonymous> (/usr/local/Cellar/yarn/1.9.2/libexec/lib/cli.js:138388:10)
      at Request.emit (events.js:182:13)
      at IncomingMessage.<anonymous> (/usr/local/Cellar/yarn/1.9.2/libexec/lib/cli.js:138310:12)
      at Object.onceWrapper (events.js:273:13)
      at IncomingMessage.emit (events.js:187:15)
      at endReadableNT (_stream_readable.js:1094:12)
      at process.internalTickCallback (internal/process/next_tick.js:72:19)

npm manifest: 
  {
    "name": "otds_backend",
    "version": "1.0.0",
    "description": "OTDS Service API",
    "main": "index.js",
    "repository": "https://github.com/SobtidEdu/otds_backend.git",
    "author": "Nuttasak Tawon <nuttasak@sobtid.me>",
    "license": "MIT",
    "dependencies": {
      "fastify": "^2.1.0"
    }
  }

yarn manifest: 
  No manifest

Lockfile: 
  # THIS IS AN AUTOGENERATED FILE. DO NOT EDIT THIS FILE DIRECTLY.
  # yarn lockfile v1
  
  
  abstract-logging@^1.0.0:
    version "1.0.0"
    resolved "https://registry.yarnpkg.com/abstract-logging/-/abstract-logging-1.0.0.tgz#8b7deafd310559bc28f77724dd1bb30177278c1b"
  
  ajv@^6.8.1, ajv@^6.9.2:
    version "6.10.0"
    resolved "https://registry.yarnpkg.com/ajv/-/ajv-6.10.0.tgz#90d0d54439da587cd7e843bfb7045f50bd22bdf1"
    dependencies:
      fast-deep-equal "^2.0.1"
      fast-json-stable-stringify "^2.0.0"
      json-schema-traverse "^0.4.1"
      uri-js "^4.2.2"
  
  archy@^1.0.0:
    version "1.0.0"
    resolved "https://registry.yarnpkg.com/archy/-/archy-1.0.0.tgz#f9c8c13757cc1dd7bc379ac77b2c62a5c2868c40"
  
  avvio@^6.1.1:
    version "6.2.1"
    resolved "https://registry.yarnpkg.com/avvio/-/avvio-6.2.1.tgz#d9a4e5ccb8411ff77dca42f24ad1137435893773"
    dependencies:
      archy "^1.0.0"
      debug "^4.0.0"
      fastq "^1.6.0"
  
  bourne@^1.1.2:
    version "1.1.2"
    resolved "https://registry.yarnpkg.com/bourne/-/bourne-1.1.2.tgz#e290b5bd7166635632eaf8ef12b006b2d4a75b83"
  
  debug@^4.0.0:
    version "4.1.1"
    resolved "https://registry.yarnpkg.com/debug/-/debug-4.1.1.tgz#3b72260255109c6b589cee050f1d516139664791"
    dependencies:
      ms "^2.1.1"
  
  deepmerge@^3.0.0:
    version "3.2.0"
    resolved "https://registry.yarnpkg.com/deepmerge/-/deepmerge-3.2.0.tgz#58ef463a57c08d376547f8869fdc5bcee957f44e"
  
  fast-decode-uri-component@^1.0.0:
    version "1.0.1"
    resolved "https://registry.yarnpkg.com/fast-decode-uri-component/-/fast-decode-uri-component-1.0.1.tgz#46f8b6c22b30ff7a81357d4f59abfae938202543"
  
  fast-deep-equal@^2.0.1:
    version "2.0.1"
    resolved "https://registry.yarnpkg.com/fast-deep-equal/-/fast-deep-equal-2.0.1.tgz#7b05218ddf9667bf7f370bf7fdb2cb15fdd0aa49"
  
  fast-json-stable-stringify@^2.0.0:
    version "2.0.0"
    resolved "https://registry.yarnpkg.com/fast-json-stable-stringify/-/fast-json-stable-stringify-2.0.0.tgz#d5142c0caee6b1189f87d3a76111064f86c8bbf2"
  
  fast-json-stringify@^1.11.2:
    version "1.12.0"
    resolved "https://registry.yarnpkg.com/fast-json-stringify/-/fast-json-stringify-1.12.0.tgz#9fe92110897f74ec4bb70c415599e05ab37813e4"
    dependencies:
      ajv "^6.8.1"
      deepmerge "^3.0.0"
  
  fast-redact@^1.4.4:
    version "1.5.0"
    resolved "https://registry.yarnpkg.com/fast-redact/-/fast-redact-1.5.0.tgz#302892f566750c4f5eec7b830bfc9bc473484034"
  
  fast-safe-stringify@^2.0.6:
    version "2.0.6"
    resolved "https://registry.yarnpkg.com/fast-safe-stringify/-/fast-safe-stringify-2.0.6.tgz#04b26106cc56681f51a044cfc0d76cf0008ac2c2"
  
  fastify@^2.1.0:
    version "2.1.0"
    resolved "https://registry.yarnpkg.com/fastify/-/fastify-2.1.0.tgz#2f1659479f0aead139594ee9c2e7e07bd6629b22"
    dependencies:
      abstract-logging "^1.0.0"
      ajv "^6.9.2"
      avvio "^6.1.1"
      bourne "^1.1.2"
      fast-json-stringify "^1.11.2"
      find-my-way "^2.0.0"
      flatstr "^1.0.9"
      light-my-request "^3.2.0"
      middie "^4.0.1"
      pino "^5.11.1"
      proxy-addr "^2.0.4"
      readable-stream "^3.1.1"
      rfdc "^1.1.2"
      tiny-lru "^6.0.1"
  
  fastq@^1.6.0:
    version "1.6.0"
    resolved "https://registry.yarnpkg.com/fastq/-/fastq-1.6.0.tgz#4ec8a38f4ac25f21492673adb7eae9cfef47d1c2"
    dependencies:
      reusify "^1.0.0"
  
  find-my-way@^2.0.0:
    version "2.0.1"
    resolved "https://registry.yarnpkg.com/find-my-way/-/find-my-way-2.0.1.tgz#965aa7cacac2362d47d5d7ce219f51bf76216af7"
    dependencies:
      fast-decode-uri-component "^1.0.0"
      safe-regex2 "^2.0.0"
      semver-store "^0.3.0"
  
  flatstr@^1.0.9:
    version "1.0.9"
    resolved "https://registry.yarnpkg.com/flatstr/-/flatstr-1.0.9.tgz#0950d56fec02de1030c1311847ecd58c25690eb9"
  
  forwarded@~0.1.2:
    version "0.1.2"
    resolved "https://registry.yarnpkg.com/forwarded/-/forwarded-0.1.2.tgz#98c23dab1175657b8c0573e8ceccd91b0ff18c84"
  
  inherits@^2.0.3:
    version "2.0.3"
    resolved "https://registry.yarnpkg.com/inherits/-/inherits-2.0.3.tgz#633c2c83e3da42a502f52466022480f4208261de"
  
  ipaddr.js@1.8.0:
    version "1.8.0"
    resolved "https://registry.yarnpkg.com/ipaddr.js/-/ipaddr.js-1.8.0.tgz#eaa33d6ddd7ace8f7f6fe0c9ca0440e706738b1e"
  
  json-schema-traverse@^0.4.1:
    version "0.4.1"
    resolved "https://registry.yarnpkg.com/json-schema-traverse/-/json-schema-traverse-0.4.1.tgz#69f6a87d9513ab8bb8fe63bdb0979c448e684660"
  
  light-my-request@^3.2.0:
    version "3.2.0"
    resolved "https://registry.yarnpkg.com/light-my-request/-/light-my-request-3.2.0.tgz#2ecf45008b7a7112a4aee0542f0a69b7a5fa35c0"
    dependencies:
      ajv "^6.8.1"
      readable-stream "^3.1.1"
  
  middie@^4.0.1:
    version "4.0.1"
    resolved "https://registry.yarnpkg.com/middie/-/middie-4.0.1.tgz#24b4333034926ebd7831ed58766d050c1ce6300a"
    dependencies:
      path-to-regexp "^3.0.0"
      reusify "^1.0.2"
  
  ms@^2.1.1:
    version "2.1.1"
    resolved "https://registry.yarnpkg.com/ms/-/ms-2.1.1.tgz#30a5864eb3ebb0a66f2ebe6d727af06a09d86e0a"
  
  path-to-regexp@^3.0.0:
    version "3.0.0"
    resolved "https://registry.yarnpkg.com/path-to-regexp/-/path-to-regexp-3.0.0.tgz#c981a218f3df543fa28696be2f88e0c58d2e012a"
  
  pino-std-serializers@^2.3.0:
    version "2.3.0"
    resolved "https://registry.yarnpkg.com/pino-std-serializers/-/pino-std-serializers-2.3.0.tgz#34eeaab97c055c28e22c0542ae55978e7e427786"
  
  pino@^5.11.1:
    version "5.12.0"
    resolved "https://registry.yarnpkg.com/pino/-/pino-5.12.0.tgz#1630c05000a4cd9a6e0ecf43f5bea0edfb213d69"
    dependencies:
      fast-redact "^1.4.4"
      fast-safe-stringify "^2.0.6"
      flatstr "^1.0.9"
      pino-std-serializers "^2.3.0"
      quick-format-unescaped "^3.0.2"
      sonic-boom "^0.7.3"
  
  proxy-addr@^2.0.4:
    version "2.0.4"
    resolved "https://registry.yarnpkg.com/proxy-addr/-/proxy-addr-2.0.4.tgz#ecfc733bf22ff8c6f407fa275327b9ab67e48b93"
    dependencies:
      forwarded "~0.1.2"
      ipaddr.js "1.8.0"
  
  punycode@^2.1.0:
    version "2.1.1"
    resolved "https://registry.yarnpkg.com/punycode/-/punycode-2.1.1.tgz#b58b010ac40c22c5657616c8d2c2c02c7bf479ec"
  
  quick-format-unescaped@^3.0.2:
    version "3.0.2"
    resolved "https://registry.yarnpkg.com/quick-format-unescaped/-/quick-format-unescaped-3.0.2.tgz#0137e94d8fb37ffeb70040535111c378e75396fb"
  
  readable-stream@^3.1.1:
    version "3.2.0"
    resolved "https://registry.yarnpkg.com/readable-stream/-/readable-stream-3.2.0.tgz#de17f229864c120a9f56945756e4f32c4045245d"
    dependencies:
      inherits "^2.0.3"
      string_decoder "^1.1.1"
      util-deprecate "^1.0.1"
  
  ret@~0.2.0:
    version "0.2.2"
    resolved "https://registry.yarnpkg.com/ret/-/ret-0.2.2.tgz#b6861782a1f4762dce43402a71eb7a283f44573c"
  
  reusify@^1.0.0, reusify@^1.0.2:
    version "1.0.4"
    resolved "https://registry.yarnpkg.com/reusify/-/reusify-1.0.4.tgz#90da382b1e126efc02146e90845a88db12925d76"
  
  rfdc@^1.1.2:
    version "1.1.2"
    resolved "https://registry.yarnpkg.com/rfdc/-/rfdc-1.1.2.tgz#e6e72d74f5dc39de8f538f65e00c36c18018e349"
  
  safe-buffer@~5.1.0:
    version "5.1.2"
    resolved "https://registry.yarnpkg.com/safe-buffer/-/safe-buffer-5.1.2.tgz#991ec69d296e0313747d59bdfd2b745c35f8828d"
  
  safe-regex2@^2.0.0:
    version "2.0.0"
    resolved "https://registry.yarnpkg.com/safe-regex2/-/safe-regex2-2.0.0.tgz#b287524c397c7a2994470367e0185e1916b1f5b9"
    dependencies:
      ret "~0.2.0"
  
  semver-store@^0.3.0:
    version "0.3.0"
    resolved "https://registry.yarnpkg.com/semver-store/-/semver-store-0.3.0.tgz#ce602ff07df37080ec9f4fb40b29576547befbe9"
  
  sonic-boom@^0.7.3:
    version "0.7.3"
    resolved "https://registry.yarnpkg.com/sonic-boom/-/sonic-boom-0.7.3.tgz#cbfc18e87c2b8078b00e38ad9475c05fce5ea696"
    dependencies:
      flatstr "^1.0.9"
  
  string_decoder@^1.1.1:
    version "1.2.0"
    resolved "https://registry.yarnpkg.com/string_decoder/-/string_decoder-1.2.0.tgz#fe86e738b19544afe70469243b2a1ee9240eae8d"
    dependencies:
      safe-buffer "~5.1.0"
  
  tiny-lru@^6.0.1:
    version "6.0.1"
    resolved "https://registry.yarnpkg.com/tiny-lru/-/tiny-lru-6.0.1.tgz#558bd6b7232b8b9dfa482147539676fdd75a3a07"
  
  uri-js@^4.2.2:
    version "4.2.2"
    resolved "https://registry.yarnpkg.com/uri-js/-/uri-js-4.2.2.tgz#94c540e1ff772956e2299507c010aea6c8838eb0"
    dependencies:
      punycode "^2.1.0"
  
  util-deprecate@^1.0.1:
    version "1.0.2"
    resolved "https://registry.yarnpkg.com/util-deprecate/-/util-deprecate-1.0.2.tgz#450d4dc9fa70de732762fbd2d4a28981419a0ccf"
